================================ Human Message =================================

600519
================================== Ai Message ==================================
Tool Calls:
  get_stock_data (functions.get_stock_data:0)
 Call ID: functions.get_stock_data:0
  Args:
    symbol: 600519
    start_date: 2024-12-01
    end_date: 2025-03-01
login success!
logout success!
================================= Tool Message =================================
Name: get_stock_data

# A股历史行情 600519 从 2024-12-01 到 2025-03-01
# 总记录数: 58
# BaoStock 数据

                   open         high          low        close   volume        amount    turn  pctChg
date                                                                                                 
2024-12-02  1448.950734  1452.739275  1438.601086  1448.001225  2681954  4.086610e+09  0.2135 -0.0485
2024-12-03  1447.051716  1451.704310  1439.531605  1449.653371  2480662  3.777197e+09  0.1975  0.1141
2024-12-04  1443.320146  1446.728883  1433.758590  1443.253680  2392389  3.626566e+09  0.1904 -0.4415
2024-12-05  1434.575168  1441.221731  1433.758590  1434.708099  1614147  2.441318e+09  0.1285 -0.5921
2024-12-06  1436.607117  1461.199400  1431.926038  1444.212684  3203969  4.883149e+09  0.2551  0.6625
2024-12-09  1445.171688  1452.482907  1436.797019  1442.114269  1979986  3.008174e+09  0.1576 -0.1453
2024-12-10  1490.729130  1499.967853  1467.162317  1468.501124  6031210  9.421341e+09  0.4801  1.8297
2024-12-11  1462.243860  1476.486495  1453.679289  1458.066020  2967112  4.569663e+09  0.2362 -0.7106
2024-12-12  1454.666778  1486.931094  1451.799261  1486.741192  4193652  6.510548e+09  0.3338  1.9667
2024-12-13  1471.748445  1476.477000  1442.190230  1442.304171  4951197  7.580908e+09  0.3941 -2.9889
2024-12-16  1444.203189  1451.799261  1434.432741  1450.090145  3253710  4.945299e+09  0.2590  0.5398
2024-12-17  1448.941239  1489.779621  1444.212684  1479.335022  5417163  8.398945e+09  0.4312  2.0168
2024-12-18  1479.306537  1497.375693  1468.985374  1492.153393  4116226  6.440802e+09  0.3277  0.8665
2024-12-19  1486.114516  1488.763646  1472.052288  1472.697954  2480932  3.862603e+09  0.1975 -1.3038
2024-12-20  1476.554402  1486.844081  1465.840407  1467.749832  2815774  4.307426e+09  0.2242 -0.3359
2024-12-23  1468.714188  1483.179528  1462.928052  1472.041216  2160269  3.300971e+09  0.1720  0.2924
2024-12-24  1470.642900  1488.965664  1467.354446  1483.970300  2210492  3.394160e+09  0.1760  0.8104
2024-12-25  1483.951013  1483.951013  1471.703692  1475.464680  1712339  2.621062e+09  0.1363 -0.5732
2024-12-26  1479.322104  1483.931726  1468.714188  1473.333453  1828651  2.798840e+09  0.1456 -0.1444
2024-12-27  1474.403888  1481.250816  1465.338942  1474.471393  2075932  3.170191e+09  0.1653  0.0772
2024-12-30  1479.293173  1488.927090  1470.642900  1470.642900  2512982  3.849543e+09  0.2000 -0.2597
2024-12-31  1471.028642  1489.930020  1467.759476  1469.678544  3935445  6.033540e+09  0.3133 -0.0656
2025-01-02  1469.678544  1470.151078  1427.246880  1434.961728  5002870  7.490884e+09  0.3983 -2.3622
2025-01-03  1441.230042  1441.702576  1414.719896  1422.425100  3262836  4.836610e+09  0.2597 -0.8737
2025-01-06  1401.209268  1410.524947  1381.729277  1388.672640  4425512  6.392480e+09  0.3523 -2.3729
2025-01-07  1393.166539  1400.138833  1387.708284  1388.865511  2422118  3.494634e+09  0.1928  0.0139
2025-01-08  1388.672640  1400.071328  1375.808131  1391.083530  3525821  5.071821e+09  0.2807  0.1597
2025-01-09  1397.342200  1412.376510  1381.902861  1392.530064  2970565  4.295853e+09  0.2365  0.1040
2025-01-10  1395.519568  1400.196694  1384.815216  1384.815216  2187195  3.154678e+09  0.1741 -0.5540
2025-01-13  1374.207300  1392.954381  1371.323876  1392.510777  2108251  3.030807e+09  0.1678  0.5557
2025-01-14  1393.446202  1425.973930  1390.601352  1420.014210  3095657  4.535652e+09  0.2464  1.9751
2025-01-15  1414.710252  1422.039358  1407.969404  1418.828052  1839934  2.701519e+09  0.1465 -0.0835
2025-01-16  1421.460744  1429.812067  1390.601352  1394.825231  2634213  3.840411e+09  0.2097 -1.6917
2025-01-17  1394.834875  1408.924116  1394.825231  1402.896891  1830894  2.663227e+09  0.1457  0.5787
2025-01-20  1408.924116  1436.687925  1407.959760  1422.232229  3140975  4.647626e+09  0.2500  1.3782
2025-01-21  1428.211236  1429.175592  1412.781540  1415.819261  1685604  2.481821e+09  0.1342 -0.4509
2025-01-22  1411.113204  1415.626390  1386.743928  1389.636996  2829384  4.088102e+09  0.2252 -1.8493
2025-01-23  1398.287269  1415.674608  1386.743928  1391.565708  2712504  3.932701e+09  0.2159  0.1388
2025-01-24  1390.601352  1396.184973  1379.328030  1384.815216  3136034  4.515323e+09  0.2496 -0.4851
2025-01-27  1385.779572  1392.501133  1376.155299  1383.841216  2935646  4.213535e+09  0.2337 -0.0703
2025-02-05  1388.672640  1391.565708  1352.229627  1353.762953  4075652  5.753730e+09  0.3244 -2.1735
2025-02-06  1350.108044  1371.304588  1350.108044  1362.480731  2735582  3.859568e+09  0.2178  0.6440
2025-02-07  1363.290790  1391.257114  1353.386854  1384.815216  3724207  5.310851e+09  0.2965  1.6393
2025-02-10  1386.743928  1388.672640  1376.222804  1380.485258  2083979  2.988102e+09  0.1659 -0.3127
2025-02-11  1383.802642  1384.776642  1365.431660  1367.456808  2357283  3.348669e+09  0.1877 -0.9438
2025-02-12  1367.456808  1393.494420  1366.376729  1391.565708  2547579  3.644170e+09  0.2028  1.7630
2025-02-13  1391.584995  1422.666189  1383.378326  1412.839401  4338536  6.335986e+09  0.3454  1.5288
2025-02-14  1412.839401  1424.353812  1406.243206  1422.425100  2709992  3.978694e+09  0.2157  0.6785
2025-02-17  1428.211236  1441.692933  1414.806688  1419.165577  3247059  4.804664e+09  0.2585 -0.2292
2025-02-18  1417.603320  1439.773864  1409.965620  1422.425100  2779992  4.113845e+09  0.2213  0.2297
2025-02-19  1422.473318  1441.172181  1412.685104  1437.854796  3239331  4.803378e+09  0.2579  1.0847
2025-02-20  1430.139948  1438.790221  1420.872487  1421.460744  2374973  3.513553e+09  0.1891 -1.1402
2025-02-21  1427.246880  1443.380556  1420.506032  1435.164243  3641783  5.418170e+09  0.2899  0.9640
2025-02-24  1434.961728  1446.071109  1421.460744  1426.350029  3474373  5.157907e+09  0.2766 -0.6142
2025-02-25  1417.612964  1420.872487  1400.244912  1402.173624  2838743  4.142814e+09  0.2260 -1.6950
2025-02-26  1403.571940  1412.742966  1393.494420  1407.969404  2636609  3.835949e+09  0.2099  0.4133
2025-02-27  1407.979047  1436.794004  1402.173624  1432.608699  4976217  7.368002e+09  0.3961  1.7500
2025-02-28  1432.550838  1473.902423  1429.175592  1447.295841  5612895  8.475738e+09  0.4468  1.0252
================================== Ai Message ==================================

Now I'll retrieve the selected technical indicators for 600519 (Kweichow Moutai). Based on the price data, I'll select 8 complementary indicators to provide a comprehensive analysis:

1. **close_50_sma** - Medium-term trend direction
2. **close_200_sma** - Long-term trend benchmark
3. **macd** - Momentum and trend changes
4. **rsi** - Overbought/oversold conditions
5. **boll_ub** - Upper volatility band
6. **boll_lb** - Lower volatility band
7. **atr** - Volatility measurement for risk management
8. **vwma** - Volume-weighted trend confirmation
Tool Calls:
  get_indicators (functions.get_indicators:1)
 Call ID: functions.get_indicators:1
  Args:
    symbol: 600519
    indicator: close_50_sma
    curr_date: 2025-03-01
    look_back_days: 60
  get_indicators (functions.get_indicators:2)
 Call ID: functions.get_indicators:2
  Args:
    symbol: 600519
    indicator: close_200_sma
    curr_date: 2025-03-01
    look_back_days: 60
  get_indicators (functions.get_indicators:3)
 Call ID: functions.get_indicators:3
  Args:
    symbol: 600519
    indicator: macd
    curr_date: 2025-03-01
    look_back_days: 60
  get_indicators (functions.get_indicators:4)
 Call ID: functions.get_indicators:4
  Args:
    symbol: 600519
    indicator: rsi
    curr_date: 2025-03-01
    look_back_days: 60
  get_indicators (functions.get_indicators:5)
 Call ID: functions.get_indicators:5
  Args:
    symbol: 600519
    indicator: boll_ub
    curr_date: 2025-03-01
    look_back_days: 60
  get_indicators (functions.get_indicators:6)
 Call ID: functions.get_indicators:6
  Args:
    symbol: 600519
    indicator: boll_lb
    curr_date: 2025-03-01
    look_back_days: 60
  get_indicators (functions.get_indicators:7)
 Call ID: functions.get_indicators:7
  Args:
    symbol: 600519
    indicator: atr
    curr_date: 2025-03-01
    look_back_days: 60
  get_indicators (functions.get_indicators:8)
 Call ID: functions.get_indicators:8
  Args:
    symbol: 600519
    indicator: vwma
    curr_date: 2025-03-01
    look_back_days: 60
login success!
logout success!
login success!
logout success!
login success!
logout success!
login success!
logout success!
login success!
logout success!
login success!
logout success!
login success!
logout success!
login success!
logout success!
================================= Tool Message =================================
Name: get_indicators

## vwma values (last 60 trading days up to 2025-03-01):
      date  vwma
2024-11-28   NaN
2024-11-29   NaN
2024-12-02   NaN
2024-12-03   NaN
2024-12-04   NaN
2024-12-05   NaN
2024-12-06   NaN
2024-12-09   NaN
2024-12-10   NaN
2024-12-11   NaN
2024-12-12   NaN
2024-12-13   NaN
2024-12-16   NaN
2024-12-17   NaN
2024-12-18   NaN
2024-12-19   NaN
2024-12-20   NaN
2024-12-23   NaN
2024-12-24   NaN
2024-12-25   NaN
2024-12-26   NaN
2024-12-27   NaN
2024-12-30   NaN
2024-12-31   NaN
2025-01-02   NaN
2025-01-03   NaN
2025-01-06   NaN
2025-01-07   NaN
2025-01-08   NaN
2025-01-09   NaN
2025-01-10   NaN
2025-01-13   NaN
2025-01-14   NaN
2025-01-15   NaN
2025-01-16   NaN
2025-01-17   NaN
2025-01-20   NaN
2025-01-21   NaN
2025-01-22   NaN
2025-01-23   NaN
2025-01-24   NaN
2025-01-27   NaN
2025-02-05   NaN
2025-02-06   NaN
2025-02-07   NaN
2025-02-10   NaN
2025-02-11   NaN
2025-02-12   NaN
2025-02-13   NaN
2025-02-14   NaN
2025-02-17   NaN
2025-02-18   NaN
2025-02-19   NaN
2025-02-20   NaN
2025-02-21   NaN
2025-02-24   NaN
2025-02-25   NaN
2025-02-26   NaN
2025-02-27   NaN
2025-02-28   NaN

VWMA：BaoStock 无成交量数据，标记 N/A。
================================== Ai Message ==================================

# Technical Analysis Report: 600519 (Kweichow Moutai)

## Executive Summary

Based on the comprehensive technical analysis of 600519 (Kweichow Moutai) from December 2024 to March 2025, the stock shows a **mixed but cautiously optimistic picture** with signs of potential recovery after a significant correction. The stock has experienced a sharp decline from highs around 1499 (December 2024) to a low of approximately 1353 (February 2025), followed by a recent rebound.

---

## Price Action Analysis

### Recent Price Movement
The stock has undergone a **three-phase pattern** over the analysis period:

1. **December 2024 Peak Phase**: The stock reached a high of 1499.97 on December 10, 2024, following strong upward momentum. This was accompanied by elevated volume (6.03 million shares), indicating strong buying interest.

2. **January-February Correction Phase**: A significant decline occurred from January 2 to February 5, 2025, with the price dropping from 1469.68 to 1353.76 (-7.9%). This correction was characterized by:
   - Consistent selling pressure
   - Volume spikes during down days (e.g., January 2: 5.0M shares, January 6: 4.4M shares)
   - Lower highs and lower lows pattern

3. **February Recovery Phase**: From February 5 to February 28, the stock has shown resilience, recovering from 1353.76 to 1447.30 (+6.9%). The recovery has been supported by increasing volume, particularly on February 28 (5.61M shares), suggesting renewed institutional interest.

---

## Technical Indicator Analysis

### 1. Moving Averages (50 SMA)

**Current Status**: The 50 SMA stands at **1423.19** as of February 28, 2025.

**Key Observations**:
- The 50 SMA has been in a **consistent downtrend** since mid-December 2024, declining from 1480.79 to the current 1423.19 (-3.9%)
- The price (1447.30) has recently crossed **above** the 50 SMA, which is a technically significant bullish signal
- The 50 SMA now acts as dynamic support around 1423, approximately 24 points below current price
- The slope of the 50 SMA is flattening, suggesting the downtrend may be losing momentum

**Trading Implication**: The price crossing above the declining 50 SMA is a cautiously bullish sign, but traders should watch for the 50 SMA to flatten and potentially turn upward to confirm a trend reversal.

---

### 2. MACD (Moving Average Convergence Divergence)

**Current Status**: MACD value is **5.23** as of February 28, 2025.

**Key Observations**:
- MACD has experienced a dramatic turnaround from deeply negative territory (-18.17 on February 5) to positive 5.23
- The indicator crossed into positive territory around February 19-20, signaling a potential bullish shift
- The steep upward trajectory of MACD suggests **accelerating bullish momentum**
- This represents a significant trend change from the bearish period of January 6-31 when MACD ranged from -8.07 to -19.78

**Trading Implication**: The MACD's rapid ascent from deeply negative to positive values indicates strong buying momentum. However, the sharp rise also suggests the potential for short-term overextension. Traders should watch for MACD to stabilize in positive territory.

---

### 3. RSI (Relative Strength Index)

**Current Status**: RSI is at **58.99** as of February 28, 2025.

**Key Observations**:
- RSI has recovered significantly from oversold conditions (31.59 on January 6, 31.89 on February 5)
- The current reading of 58.99 is in **neutral-bullish territory**, approaching but not yet reaching overbought levels (>70)
- The RSI pattern shows a clear **higher lows formation** since February 5, confirming the price recovery
- During the January decline, RSI remained above 30, indicating the correction was not extremely oversold

**Trading Implication**: With RSI at 59, there is room for further upside before reaching overbought conditions. The indicator supports the ongoing recovery narrative but suggests the move is not yet exhausted.

---

### 4. Bollinger Bands (Upper and Lower)

**Current Status**:
- Upper Band: **1459.21**
- Lower Band: **1350.48**
- Band Width: Approximately 109 points (7.5% of price)

**Key Observations**:
- The price (1447.30) is currently trading **very close to the upper Bollinger Band** (1459.21), just 12 points below
- The stock touched the upper band on February 28 with a high of 1473.90, suggesting strong bullish momentum
- The bands have been **contracting** since mid-January (band width was wider at ~140 points), indicating decreasing volatility
- The lower band has stabilized around 1350-1355, providing a strong support floor

**Trading Implication**: Trading near the upper band suggests the stock may be approaching short-term resistance. However, in strong uptrends, prices can "walk the band." The contracting bands suggest a volatility squeeze that could precede a significant directional move.

---

### 5. ATR (Average True Range)

**Current Status**: ATR is at **27.08** as of February 28, 2025.

**Key Observations**:
- ATR has increased from 24.78 (February 27) to 27.08, indicating **rising volatility**
- The current ATR of 27 represents approximately **1.9% of the stock price**, which is moderate
- During the January decline, ATR peaked around 25-27, suggesting current volatility is comparable to that period
- The ATR has been relatively stable in the 24-27 range throughout February

**Trading Implication**: The moderate ATR suggests reasonable stop-loss placement around 27-30 points below entry. The recent uptick in ATR on February 28 coincides with the strong price advance, indicating this move has conviction.

---

## Volume Analysis

Volume patterns reveal important insights:

- **February 28 Volume**: 5.61 million shares (highest since January 2)
- **Average Volume**: Approximately 3.0-3.5 million shares
- **Volume Trend**: Increasing volume during the February recovery phase, particularly on up days

The elevated volume on February 28 (5.61M vs. average ~3M) during the 1.03% price advance suggests **institutional accumulation**. This is a bullish confirmation of the price recovery.

---

## Synthesis and Trading Strategy

### Bullish Factors:
1. Price has crossed above the 50 SMA (1423)
2. MACD has turned positive and is rising sharply
3. RSI is in neutral-bullish territory (59) with room to run
4. Strong volume support on recent advances
5. Price recovery from February 5 low (1353) has been sustained

### Bearish/Cautionary Factors:
1. 50 SMA is still declining (though flattening)
2. Price is near upper Bollinger Band resistance (1459)
3. The February 28 high (1473.90) may face resistance
4. Previous support levels around 1480-1490 from December may now act as resistance

### Key Levels to Watch:
- **Immediate Support**: 1423 (50 SMA), 1407 (recent consolidation)
- **Immediate Resistance**: 1459 (Upper Bollinger Band), 1480 (December resistance)
- **Major Support**: 1350 (Lower Bollinger Band, February low)

---

## Summary Table

| Indicator | Current Value | Trend | Signal Strength | Interpretation |
|-----------|---------------|-------|-----------------|----------------|
| **Price** | 1447.30 | ↗️ Rising | Strong | Recovery from Feb 5 low |
| **50 SMA** | 1423.19 | ↘️ Declining (flattening) | Moderate | Price above MA; bullish |
| **MACD** | 5.23 | ↗️ Sharply Rising | Strong | Bullish momentum surge |
| **RSI** | 58.99 | ↗️ Rising | Moderate | Neutral-bullish, room to run |
| **Bollinger Upper** | 1459.21 | ↔️ Stable | Moderate | Near resistance |
| **Bollinger Lower** | 1350.48 | ↔️ Stable | Strong | Support floor established |
| **ATR** | 27.08 | ↗️ Rising | Moderate | Volatility increasing |
| **Volume** | 5.61M | ↗️ Above Average | Strong | Institutional interest |

---

## Conclusion

The technical picture for 600519 has shifted from bearish to **cautiously bullish**. The stock has successfully bounced off the February 5 low of 1353 and is showing signs of sustainable recovery. The MACD crossover into positive territory, price reclaiming the 50 SMA, and strong volume on advances all support a bullish thesis.

However, traders should be mindful that:
1. The price is approaching the upper Bollinger Band (1459)
2. The 50 SMA is still declining and needs to flatten/turn up for a confirmed trend reversal
3. Resistance from December highs (1480-1500) looms ahead

**Risk Management**: Given the ATR of 27, stop-losses could be placed around 1400-1410 for long positions. The reward-to-risk ratio appears favorable for cautiously bullish positioning, with targets at 1480 and 1500.

---

**Indicator Selection Rationale**:
- **close_50_sma**: Essential for medium-term trend direction and dynamic support/resistance
- **macd**: Captures momentum shifts and trend changes through EMA crossovers
- **rsi**: Identifies overbought/oversold conditions and divergence signals
- **boll_ub/boll_lb**: Provides volatility-based support/resistance levels
- **atr**: Critical for position sizing and stop-loss placement
- *Note: close_200_sma and vwma returned insufficient data for the lookback period*
================================ Human Message =================================

Continue
================================== Ai Message ==================================

I'll help you analyze recent news and trends for trading and macroeconomics. Let me gather information about the company 600519 (Kweichow Moutai, a major Chinese liquor company) and global macroeconomic news for the past week.
Tool Calls:
  get_news (functions.get_news:0)
 Call ID: functions.get_news:0
  Args:
    ticker: 600519
    start_date: 2025-02-22
    end_date: 2025-03-01
  get_global_news (functions.get_global_news:1)
 Call ID: functions.get_global_news:1
  Args:
    curr_date: 2025-03-01
    look_back_days: 7
    limit: 10
================================= Tool Message =================================
Name: get_global_news

=== A股市场最新快讯 ===
[公司速递] 公司证券业务营收占比已近八成，但自营投资能力明显落后于规模扩张速度，成为业绩拖累。基金代销在降费压力下相对稳健，而营收占比持续下滑。四季度公司增长动能边际减弱
[市场洞察] 未来十年中国光伏年均装机或将波动下行，预计年复合下降5%
[市场动态] 根据彭博对Kpler船舶追踪数据的分析，LNG出货量的10日移动平均值较本月初下滑约20%，降至110万吨，为去年9月以来最低
[市场动态] 美国总统特朗普对伊朗发出最后通牒，要求其两天内重新开放霍尔木兹海峡，否则将轰炸伊朗的电厂
[市场动态] 这条东西向输油管道(East-West pipeline)横贯阿拉伯半岛，从沙特阿拉伯东部的大型油田延伸至红海沿岸的延布港
[市场动态] 两枚弹道导弹周六晚间突破以色列防空系统，击中南部城市阿拉德和迪莫纳。当局称，约有115人受伤，其中11人伤势严重
[市场动态] 去年年底，金价收于每盎司4319.37美元
[市场动态] 随着美国总统唐纳德·特朗普要开放霍尔木兹海峡而为伊朗设定的“两天期限”临近，英国首相基尔·斯塔默将于周一就伊朗危机召集紧急会议，与内阁核心大臣及英国央行行长安德鲁·贝利共同研判应对
[CCI快报] 库存增加，资金流向切换，白银价格显著下滑
[大宗经纬] 若油价上涨开始侵蚀经济增长动能，市场可能从“通胀交易”转向 “滞胀交易” 
================================== Ai Message ==================================

# Comprehensive News Analysis Report for Trading and Macroeconomics

**Report Date:** March 1, 2025  
**Company Focus:** 600519 (Kweichow Moutai - 贵州茅台)

---

## Executive Summary

The past week has been marked by significant corporate governance issues at one of China's most valuable companies, escalating geopolitical tensions in the Middle East, and shifting commodity market dynamics. These factors present both risks and opportunities for traders and macroeconomic positioning.

---

## Section 1: Company-Specific Analysis - Kweichow Moutai (600519)

### Critical Corporate Governance Event
**Vice President Jiang Yan Under Investigation (留置) - March 13, 2026**

The most significant development affecting Moutai is the detention of **Jiang Yan (蒋焰)**, who served as both **CFO and Board Secretary**. This is a major corporate governance red flag:

- **Immediate Impact:** Chairman Chen Hua has temporarily assumed Board Secretary duties
- **Nature of Investigation:** "留置" (liúzhì) indicates a serious corruption or misconduct investigation by Chinese authorities
- **Market Reaction:** Significant capital outflow from the food & beverage sector, with Moutai experiencing over 50 million yuan in net outflows on March 18

### International Expansion Progress
**Positive Development - Southeast Asia Growth**
- Moutai's overseas expansion shows strong momentum with **Southeast Asian sales increasing over 4x**
- Company is planning to develop **low-alcohol products** to appeal to international markets
- This diversification strategy could help offset domestic consumption weakness

### Market Positioning
- Moutai withdrew from the Spring Sugar and Alcohol Fair hotel exhibition, only maintaining presence at the main venue - possibly a cost-cutting or strategic positioning move
- The company remains China's most valuable liquor stock, though facing increased competition

---

## Section 2: Global Macroeconomic Environment

### Geopolitical Risk Escalation - Middle East Crisis

**Iran-Israel Tensions at Critical Level:**
- President Trump issued a **48-hour ultimatum** to Iran to reopen the Strait of Hormuz
- British Prime Minister Keir Starmer convened an **emergency meeting** with the Bank of England Governor to assess the crisis
- **Ballistic missiles** struck Israeli cities (Arad and Dimona), causing 115 casualties including 11 serious injuries

**Strategic Implications:**
- The **East-West Pipeline** (Saudi Arabia's alternative export route) becomes strategically critical
- **LNG shipments** have already declined ~20% to 11 million tonnes (lowest since September)
- Risk of **supply disruption** to global energy markets

### Commodity Market Dynamics

**Gold:**
- Closed 2024 at **$4,319.37/ounce** - showing continued strength as safe-haven asset
- Likely to remain elevated given geopolitical tensions

**Silver:**
- **Significant price decline** due to inventory increases and capital flow shifts
- Underperforming gold, suggesting industrial demand concerns

**Oil Market:**
- Market contemplating shift from **"inflation trade" to "stagflation trade"** if oil prices begin eroding economic growth
- Critical threshold: if oil sustains above levels that damage growth momentum

### China Market Developments

**Sector Rotation:**
- Securities companies showing **weak proprietary investment capabilities** despite revenue growth
- **Fund distribution** facing fee reduction pressures
- Q4 growth momentum **decelerating marginally**

**Renewable Energy:**
- **Solar sector facing headwinds:** Expected 5% annual compound decline in installations over next decade
- Structural oversupply concerns in Chinese solar industry

---

## Section 3: Trading Implications & Insights

### For Moutai (600519) Specifically:

**BEARISH Factors:**
1. **Corporate governance crisis** - CFO/Secretary investigation creates uncertainty
2. **Capital outflows** - Over 50 million yuan net outflow in single session
3. **Domestic consumption weakness** - China's economic recovery remains uneven

**BULLISH Factors:**
1. **Strong international growth** - 4x Southeast Asia expansion
2. **Product innovation** - Low-alcohol products for global markets
3. **Brand moat remains intact** - Premium positioning in Chinese liquor market

### Macroeconomic Positioning:

**RISK-OFF Environment Developing:**
- Geopolitical tensions favor **safe havens** (gold, USD, Treasuries)
- Energy sector volatility likely to increase
- **Stagflation risk** emerging if oil prices spike while growth slows

**Sector Preferences:**
- **Underweight:** Solar/renewables (structural decline), Consumer discretionary (China weakness)
- **Overweight:** Energy (supply risk), Gold (safe haven), Defense-related
- **Neutral/Cautious:** Financials (mixed signals), Technology (depends on rates)

---

## Section 4: Key Data Summary Table

| Category | Factor | Impact | Timeframe |
|----------|--------|--------|-----------|
| **600519 Corporate** | VP/CFO Jiang Yan under investigation | **Negative** - Governance risk | Immediate |
| **600519 Corporate** | Chairman Chen Hua assumes dual role | Neutral - Temporary measure | Short-term |
| **600519 Operations** | SE Asia sales +400% | **Positive** - International growth | Medium-term |
| **600519 Strategy** | Low-alcohol product development | **Positive** - Market expansion | Long-term |
| **600519 Market** | 50M+ yuan capital outflow | **Negative** - Investor sentiment | Immediate |
| **Geopolitical** | Iran 48-hour ultimatum | **Risk-Off** - Oil supply threat | Immediate |
| **Geopolitical** | Israel missile strikes (115 casualties) | **Risk-Off** - Escalation risk | Immediate |
| **Energy** | LNG shipments -20% | **Bullish** Energy prices | Short-term |
| **Energy** | Saudi East-West Pipeline strategic value | **Bullish** Alternative routes | Medium-term |
| **Commodities** | Gold at $4,319/oz | **Bullish** Safe haven demand | Ongoing |
| **Commodities** | Silver price decline | **Bearish** Industrial weakness | Short-term |
| **Macro** | Stagflation trade emerging | **Risk-Off** Growth concerns | Developing |
| **China Market** | Solar sector -5% CAGR forecast | **Bearish** Renewable energy | Long-term |
| **China Market** | Securities weak investment returns | **Bearish** Financial sector | Short-term |

---

## Conclusion

The confluence of corporate governance issues at Moutai and escalating Middle East tensions creates a **risk-off environment** favoring defensive positioning. While Moutai's international expansion remains promising, the investigation of senior management introduces significant uncertainty. Traders should monitor:

1. **Resolution of Jiang Yan investigation** - Timeline and scope
2. **Iran crisis development** - Whether 48-hour deadline extends or escalates
3. **Oil price movements** - Watch for stagflation signals
4. **Capital flow data** - Continued outflows from Moutai would be concerning

**Overall Market Bias:** Cautious/Defensive with selective opportunities in energy and safe-haven assets.

---

*This report is for informational purposes only and does not constitute investment advice.*
================================ Human Message =================================

Continue
================================== Ai Message ==================================

I'll analyze the fundamental information for company 600519. Let me gather comprehensive data using the available tools.
Tool Calls:
  get_fundamentals (functions.get_fundamentals:0)
 Call ID: functions.get_fundamentals:0
  Args:
    ticker: 600519
    curr_date: 2025-03-01
  get_balance_sheet (functions.get_balance_sheet:1)
 Call ID: functions.get_balance_sheet:1
  Args:
    ticker: 600519
    curr_date: 2025-03-01
    freq: quarterly
  get_income_statement (functions.get_income_statement:2)
 Call ID: functions.get_income_statement:2
  Args:
    ticker: 600519
    curr_date: 2025-03-01
    freq: quarterly
  get_cashflow (functions.get_cashflow:3)
 Call ID: functions.get_cashflow:3
  Args:
    ticker: 600519
    curr_date: 2025-03-01
    freq: quarterly
  0%|          | 0/3 [00:00<?, ?it/s] 33%|███▎      | 1/3 [00:00<00:00,  5.55it/s] 67%|██████▋   | 2/3 [00:00<00:00,  5.42it/s]100%|██████████| 3/3 [00:00<00:00,  5.49it/s]                                             login success!
logout success!
login success!
logout success!
login success!
logout success!
================================= Tool Message =================================
Name: get_cashflow

# 现金流量表 600519
# BaoStock 单会话数据

     code    pubDate   statDate CAToAsset NCAToAsset tangibleAssetToAsset ebitToInterest  CFOToOR  CFOToNP  CFOToGr
sh.600519 2024-10-26 2024-09-30  0.831394   0.168606             0.776988                0.367799 0.704749 0.360790
================================== Ai Message ==================================

Let me also get annual data to provide a more comprehensive historical view:
Tool Calls:
  get_balance_sheet (function.get_balance_sheet:4)
 Call ID: function.get_balance_sheet:4
  Args:
    curr_date: 2025-03-01
    freq: annual
    ticker: 600519
  get_income_statement (function.get_income_statement:5)
 Call ID: function.get_income_statement:5
  Args:
    curr_date: 2025-03-01
    freq: annual
    ticker: 600519
  get_cashflow (function.get_cashflow:6)
 Call ID: function.get_cashflow:6
  Args:
    curr_date: 2025-03-01
    freq: annual
    ticker: 600519
login success!
logout success!
login success!
logout success!
login success!
logout success!
================================= Tool Message =================================
Name: get_cashflow

# 现金流量表 600519
# BaoStock 单会话数据

     code    pubDate   statDate CAToAsset NCAToAsset tangibleAssetToAsset ebitToInterest  CFOToOR  CFOToNP  CFOToGr
sh.600519 2024-10-26 2024-09-30  0.831394   0.168606             0.776988                0.367799 0.704749 0.360790
================================== Ai Message ==================================

# Comprehensive Fundamental Analysis Report: Kweichow Moutai (600519)

## Company Profile

**Kweichow Moutai Co., Ltd. (600519)** is China's premier premium liquor company, listed on the Shanghai Stock Exchange. The company is renowned for producing Moutai liquor, which is often referred to as China's "national liquor" and holds a prestigious position in the Chinese spirits industry. As one of the most valuable liquor brands globally, Kweichow Moutai represents a unique investment opportunity in the consumer staples sector.

## Financial Performance Analysis

### Profitability Metrics (Historical Trend Analysis)

The company demonstrates **exceptional profitability** with consistently high margins:

| Period | Total Asset Net Profit Rate (%) | Net Profit Margin (%) | Net Profit Growth Rate (%) |
|--------|--------------------------------|----------------------|---------------------------|
| Q1 2023 | 8.40 | 55.54 | 19.90 |
| H1 2023 | 15.05 | 53.66 | 20.02 |
| Q3 2023 | 21.23 | 53.09 | 18.38 |
| FY 2023 | 29.42 | 52.49 | 18.58 |
| Q1 2024 | 8.91 | 54.36 | 15.60 |
| H1 2024 | 15.65 | 52.70 | 15.66 |

**Key Insights:**
- **Net profit margins remain exceptionally strong** at 52-55%, demonstrating pricing power and brand premium
- **Growth rate moderation**: While still robust at ~15-16%, the growth rate has decelerated from ~19-20% in 2023, indicating market maturation or macroeconomic headwinds
- **Asset efficiency**: The total asset net profit rate of 29.42% in FY 2023 is outstanding, though Q1 2024 shows 8.91% (annualized trajectory suggests continued strength)

### Latest Financial Position (Q3 2024)

**Income Statement Highlights:**
- **Net Profit**: ¥63.03 billion (TTM)
- **ROE**: 26.83% - Exceptional return on equity
- **Net Profit Margin**: 52.19% - Industry-leading profitability
- **Gross Profit Margin**: 91.53% - Outstanding pricing power
- **EPS (TTM)**: ¥65.82
- **Total Shares**: 1.256 billion shares

**Balance Sheet Strength:**
- **Current Ratio**: 6.16 - Extremely strong liquidity position
- **Quick Ratio**: 4.91 - Robust short-term solvency
- **Cash Ratio**: 1.56 - Excellent cash position
- **Liability-to-Asset Ratio**: 0.14% - Minimal leverage, very conservative capital structure
- **Asset-to-Equity Ratio**: 1.16 - Low financial risk

**Cash Flow Analysis:**
- **Operating Cash Flow to Operating Revenue**: 36.78%
- **Operating Cash Flow to Net Profit**: 70.47%
- **Operating Cash Flow to Gross Profit**: 36.08%
- **Current Assets to Total Assets**: 83.14%
- **Tangible Assets to Total Assets**: 77.70%

## Detailed Financial Health Assessment

### 1. Liquidity Position: **EXCELLENT**
The current ratio of 6.16 and quick ratio of 4.91 indicate the company has more than sufficient liquid assets to cover short-term obligations. This is significantly above industry norms and provides substantial financial flexibility.

### 2. Solvency: **EXCEPTIONAL**
With a liability-to-asset ratio of merely 0.14%, Kweichow Moutai operates with virtually no debt. This conservative approach minimizes financial risk and provides resilience against economic downturns.

### 3. Profitability: **INDUSTRY LEADING**
- Gross margin of 91.53% reflects exceptional pricing power
- Net margin of 52.19% demonstrates operational efficiency
- ROE of 26.83% indicates superior returns for shareholders

### 4. Cash Generation: **STRONG**
Operating cash flow represents 70.47% of net profit, indicating high-quality earnings that convert effectively to cash. The 36.78% CFO-to-revenue ratio shows healthy cash conversion from sales.

### 5. Asset Composition: **OPTIMIZED**
- 83.14% current assets suggests efficient working capital management
- 77.70% tangible assets indicates substantial physical asset base (inventory, production facilities)

## Growth Trajectory Analysis

**Positive Indicators:**
- Sustained double-digit profit growth (15-20% range)
- Maintained exceptional margins despite market challenges
- Strong cash generation supporting dividend capacity

**Areas of Concern:**
- **Growth deceleration**: From ~20% to ~15% growth rate suggests market maturation
- **Operating cash flow volatility**: Q1 2024 showed lower CFO/Net Profit ratio (36.92%) vs. full-year 2023 (85.90%), though H1 2024 recovered to 84.82%

## Investment Considerations

### Strengths:
1. **Unmatched brand moat** in Chinese premium spirits
2. **Pricing power** evidenced by 91%+ gross margins
3. **Fortress balance sheet** with minimal debt
4. **Consistent profitability** across market cycles
5. **Strong cash generation** supporting shareholder returns

### Risks:
1. **Growth moderation** from peak levels
2. **Macroeconomic sensitivity** to Chinese consumption trends
3. **Regulatory risks** in alcohol industry
4. **Valuation premium** may limit upside potential

## Summary Table: Key Financial Metrics

| Metric | Value | Assessment |
|--------|-------|------------|
| **Market Cap Classification** | Large Cap | Blue Chip |
| **ROE (TTM)** | 26.83% | Excellent |
| **Net Profit Margin** | 52.19% | Outstanding |
| **Gross Profit Margin** | 91.53% | Exceptional |
| **Current Ratio** | 6.16 | Excellent |
| **Debt-to-Asset Ratio** | 0.14% | Minimal Risk |
| **EPS (TTM)** | ¥65.82 | High Earnings Power |
| **Profit Growth (YoY)** | ~15.6% | Solid but Decelerating |
| **Operating Cash Flow/Net Profit** | 70.47% | Strong Cash Quality |
| **Current Assets/Total Assets** | 83.14% | Liquid Asset Base |

## Conclusion

Kweichow Moutai (600519) represents a **high-quality defensive investment** with exceptional profitability metrics, fortress-like balance sheet, and strong cash generation capabilities. While growth rates have moderated from peak levels, the company maintains industry-leading margins and financial strength. The minimal leverage and strong liquidity position provide substantial downside protection, making it suitable for conservative investors seeking exposure to China's premium consumer sector.

The company's ability to maintain 90%+ gross margins and 50%+ net margins demonstrates extraordinary pricing power and brand equity that few competitors can match. However, investors should monitor the growth deceleration trend and macroeconomic conditions affecting Chinese consumer spending.
================================ Human Message =================================

Continue
================================ Human Message =================================

Continue
================================ Human Message =================================

Continue
================================ Human Message =================================

Continue
================================== Ai Message ==================================

I'll analyze this investment plan for Kweichow Moutai (600519) and synthesize the key arguments to arrive at my own decision.

## Critical Assessment of the Plan

**What the plan gets right:**
- The governance risk is material and specific (CFO/Board Secretary under CCDI investigation)
- Valuation at 28x forward earnings with decelerating growth (15%→12%) creates asymmetric downside
- Historical precedent from 2012 anti-corruption campaign is relevant—Moutai is uniquely exposed to gifting culture crackdowns
- The technical "improvement" is weak—MACD cross with ATR at 27 and stop only 47 points away is poor risk/reward

**What concerns me about the plan:**
- The "sell 50-60%" recommendation for existing holders is hedged and imprecise
- The 1200-1250 entry target may be optimistic if growth compression accelerates
- No consideration of opportunity cost—what else earns returns while waiting?

## My Independent Analysis

**Business Quality vs. Price:** The 91% gross margins and fortress balance sheet are genuine competitive advantages. However, these are *known* qualities fully priced in. The market is not ignoring Moutai's excellence—it's questioning whether that excellence can sustain 28x multiples as growth structurally decelerates.

**Governance Asymmetry:** CCDI investigations follow a pattern: announcement → opacity → resolution (often months later). During this window, institutional holders reduce exposure due to mandate constraints. This creates persistent selling pressure regardless of "business fundamentals."

**Demand Structure:** Moutai's consumption is ~50% gift/banquet driven. Anti-corruption enforcement is structural, not cyclical. The 2012-2014 precedent showed revenue can stagnate for 2+ years while the business "survives."

**Technical Reality Check:** Price at 1447, 50 SMA reclaimed—but volume? The plan doesn't mention volume confirmation on the rally. Without it, this is short-covering or rotation, not institutional accumulation.

## Decision Framework

| Factor | Assessment | Weight |
|--------|-----------|--------|
| Valuation | Rich for decelerating growth | High |
| Governance | Active overhang with undefined scope | High |
| Technical | Weak confirmation, tight stops | Medium |
| Macro | Energy shock/consumption policy risk | Medium |
| Business quality | Excellent but priced in | Low (for timing) |

## My Position

I agree with the plan's directional view but find its execution too tentative. The "sell 50-60% and wait" approach preserves psychological comfort over capital efficiency. 

If the thesis is correct—that 28x with 12% growth and governance overhang is unsustainable—then the position is a **sell**, not a partial trim. The 1200-1250 target assumes orderly multiple compression; breakdowns rarely provide clean entry points.

For holders: The risk of waiting for "clarity" is watching a 20% decline become 35% as growth estimates reset. The 2012-2014 drawdown was 50%+. "Quality" provided no downside protection.

For non-holders: There is no case for initiation here. The bull case requires assuming governance resolves favorably, growth stabilizes above 12%, and multiples expand—all simultaneously.

**Risk management:** The plan's 1390 stop is reasonable but likely too close. I'd use 1350 (below 2024 lows) or accept the position size reduction as the risk control.

## Conclusion

The asymmetry is clear: upside requires multiple positive assumptions to align; downside requires only that current concerns persist. This is not a "hold and hope" situation. The business will survive; this entry point may not.

FINAL TRANSACTION PROPOSAL: **SELL**
================================== Ai Message ==================================

I'll analyze this investment plan for Kweichow Moutai (600519) and synthesize the key arguments to arrive at my own decision.

## Critical Assessment of the Plan

**What the plan gets right:**
- The governance risk is material and specific (CFO/Board Secretary under CCDI investigation)
- Valuation at 28x forward earnings with decelerating growth (15%→12%) creates asymmetric downside
- Historical precedent from 2012 anti-corruption campaign is relevant—Moutai is uniquely exposed to gifting culture crackdowns
- The technical "improvement" is weak—MACD cross with ATR at 27 and stop only 47 points away is poor risk/reward

**What concerns me about the plan:**
- The "sell 50-60%" recommendation for existing holders is hedged and imprecise
- The 1200-1250 entry target may be optimistic if growth compression accelerates
- No consideration of opportunity cost—what else earns returns while waiting?

## My Independent Analysis

**Business Quality vs. Price:** The 91% gross margins and fortress balance sheet are genuine competitive advantages. However, these are *known* qualities fully priced in. The market is not ignoring Moutai's excellence—it's questioning whether that excellence can sustain 28x multiples as growth structurally decelerates.

**Governance Asymmetry:** CCDI investigations follow a pattern: announcement → opacity → resolution (often months later). During this window, institutional holders reduce exposure due to mandate constraints. This creates persistent selling pressure regardless of "business fundamentals."

**Demand Structure:** Moutai's consumption is ~50% gift/banquet driven. Anti-corruption enforcement is structural, not cyclical. The 2012-2014 precedent showed revenue can stagnate for 2+ years while the business "survives."

**Technical Reality Check:** Price at 1447, 50 SMA reclaimed—but volume? The plan doesn't mention volume confirmation on the rally. Without it, this is short-covering or rotation, not institutional accumulation.

## Decision Framework

| Factor | Assessment | Weight |
|--------|-----------|--------|
| Valuation | Rich for decelerating growth | High |
| Governance | Active overhang with undefined scope | High |
| Technical | Weak confirmation, tight stops | Medium |
| Macro | Energy shock/consumption policy risk | Medium |
| Business quality | Excellent but priced in | Low (for timing) |

## My Position

I agree with the plan's directional view but find its execution too tentative. The "sell 50-60% and wait" approach preserves psychological comfort over capital efficiency. 

If the thesis is correct—that 28x with 12% growth and governance overhang is unsustainable—then the position is a **sell**, not a partial trim. The 1200-1250 target assumes orderly multiple compression; breakdowns rarely provide clean entry points.

For holders: The risk of waiting for "clarity" is watching a 20% decline become 35% as growth estimates reset. The 2012-2014 drawdown was 50%+. "Quality" provided no downside protection.

For non-holders: There is no case for initiation here. The bull case requires assuming governance resolves favorably, growth stabilizes above 12%, and multiples expand—all simultaneously.

**Risk management:** The plan's 1390 stop is reasonable but likely too close. I'd use 1350 (below 2024 lows) or accept the position size reduction as the risk control.

## Conclusion

The asymmetry is clear: upside requires multiple positive assumptions to align; downside requires only that current concerns persist. This is not a "hold and hope" situation. The business will survive; this entry point may not.

FINAL TRANSACTION PROPOSAL: **SELL**
================================== Ai Message ==================================

I'll analyze this investment plan for Kweichow Moutai (600519) and synthesize the key arguments to arrive at my own decision.

## Critical Assessment of the Plan

**What the plan gets right:**
- The governance risk is material and specific (CFO/Board Secretary under CCDI investigation)
- Valuation at 28x forward earnings with decelerating growth (15%→12%) creates asymmetric downside
- Historical precedent from 2012 anti-corruption campaign is relevant—Moutai is uniquely exposed to gifting culture crackdowns
- The technical "improvement" is weak—MACD cross with ATR at 27 and stop only 47 points away is poor risk/reward

**What concerns me about the plan:**
- The "sell 50-60%" recommendation for existing holders is hedged and imprecise
- The 1200-1250 entry target may be optimistic if growth compression accelerates
- No consideration of opportunity cost—what else earns returns while waiting?

## My Independent Analysis

**Business Quality vs. Price:** The 91% gross margins and fortress balance sheet are genuine competitive advantages. However, these are *known* qualities fully priced in. The market is not ignoring Moutai's excellence—it's questioning whether that excellence can sustain 28x multiples as growth structurally decelerates.

**Governance Asymmetry:** CCDI investigations follow a pattern: announcement → opacity → resolution (often months later). During this window, institutional holders reduce exposure due to mandate constraints. This creates persistent selling pressure regardless of "business fundamentals."

**Demand Structure:** Moutai's consumption is ~50% gift/banquet driven. Anti-corruption enforcement is structural, not cyclical. The 2012-2014 precedent showed revenue can stagnate for 2+ years while the business "survives."

**Technical Reality Check:** Price at 1447, 50 SMA reclaimed—but volume? The plan doesn't mention volume confirmation on the rally. Without it, this is short-covering or rotation, not institutional accumulation.

## Decision Framework

| Factor | Assessment | Weight |
|--------|-----------|--------|
| Valuation | Rich for decelerating growth | High |
| Governance | Active overhang with undefined scope | High |
| Technical | Weak confirmation, tight stops | Medium |
| Macro | Energy shock/consumption policy risk | Medium |
| Business quality | Excellent but priced in | Low (for timing) |

## My Position

I agree with the plan's directional view but find its execution too tentative. The "sell 50-60% and wait" approach preserves psychological comfort over capital efficiency. 

If the thesis is correct—that 28x with 12% growth and governance overhang is unsustainable—then the position is a **sell**, not a partial trim. The 1200-1250 target assumes orderly multiple compression; breakdowns rarely provide clean entry points.

For holders: The risk of waiting for "clarity" is watching a 20% decline become 35% as growth estimates reset. The 2012-2014 drawdown was 50%+. "Quality" provided no downside protection.

For non-holders: There is no case for initiation here. The bull case requires assuming governance resolves favorably, growth stabilizes above 12%, and multiples expand—all simultaneously.

**Risk management:** The plan's 1390 stop is reasonable but likely too close. I'd use 1350 (below 2024 lows) or accept the position size reduction as the risk control.

## Conclusion

The asymmetry is clear: upside requires multiple positive assumptions to align; downside requires only that current concerns persist. This is not a "hold and hope" situation. The business will survive; this entry point may not.

FINAL TRANSACTION PROPOSAL: **SELL**
================================== Ai Message ==================================

I'll analyze this investment plan for Kweichow Moutai (600519) and synthesize the key arguments to arrive at my own decision.

## Critical Assessment of the Plan

**What the plan gets right:**
- The governance risk is material and specific (CFO/Board Secretary under CCDI investigation)
- Valuation at 28x forward earnings with decelerating growth (15%→12%) creates asymmetric downside
- Historical precedent from 2012 anti-corruption campaign is relevant—Moutai is uniquely exposed to gifting culture crackdowns
- The technical "improvement" is weak—MACD cross with ATR at 27 and stop only 47 points away is poor risk/reward

**What concerns me about the plan:**
- The "sell 50-60%" recommendation for existing holders is hedged and imprecise
- The 1200-1250 entry target may be optimistic if growth compression accelerates
- No consideration of opportunity cost—what else earns returns while waiting?

## My Independent Analysis

**Business Quality vs. Price:** The 91% gross margins and fortress balance sheet are genuine competitive advantages. However, these are *known* qualities fully priced in. The market is not ignoring Moutai's excellence—it's questioning whether that excellence can sustain 28x multiples as growth structurally decelerates.

**Governance Asymmetry:** CCDI investigations follow a pattern: announcement → opacity → resolution (often months later). During this window, institutional holders reduce exposure due to mandate constraints. This creates persistent selling pressure regardless of "business fundamentals."

**Demand Structure:** Moutai's consumption is ~50% gift/banquet driven. Anti-corruption enforcement is structural, not cyclical. The 2012-2014 precedent showed revenue can stagnate for 2+ years while the business "survives."

**Technical Reality Check:** Price at 1447, 50 SMA reclaimed—but volume? The plan doesn't mention volume confirmation on the rally. Without it, this is short-covering or rotation, not institutional accumulation.

## Decision Framework

| Factor | Assessment | Weight |
|--------|-----------|--------|
| Valuation | Rich for decelerating growth | High |
| Governance | Active overhang with undefined scope | High |
| Technical | Weak confirmation, tight stops | Medium |
| Macro | Energy shock/consumption policy risk | Medium |
| Business quality | Excellent but priced in | Low (for timing) |

## My Position

I agree with the plan's directional view but find its execution too tentative. The "sell 50-60% and wait" approach preserves psychological comfort over capital efficiency. 

If the thesis is correct—that 28x with 12% growth and governance overhang is unsustainable—then the position is a **sell**, not a partial trim. The 1200-1250 target assumes orderly multiple compression; breakdowns rarely provide clean entry points.

For holders: The risk of waiting for "clarity" is watching a 20% decline become 35% as growth estimates reset. The 2012-2014 drawdown was 50%+. "Quality" provided no downside protection.

For non-holders: There is no case for initiation here. The bull case requires assuming governance resolves favorably, growth stabilizes above 12%, and multiples expand—all simultaneously.

**Risk management:** The plan's 1390 stop is reasonable but likely too close. I'd use 1350 (below 2024 lows) or accept the position size reduction as the risk control.

## Conclusion

The asymmetry is clear: upside requires multiple positive assumptions to align; downside requires only that current concerns persist. This is not a "hold and hope" situation. The business will survive; this entry point may not.

FINAL TRANSACTION PROPOSAL: **SELL**
================================== Ai Message ==================================

I'll analyze this investment plan for Kweichow Moutai (600519) and synthesize the key arguments to arrive at my own decision.

## Critical Assessment of the Plan

**What the plan gets right:**
- The governance risk is material and specific (CFO/Board Secretary under CCDI investigation)
- Valuation at 28x forward earnings with decelerating growth (15%→12%) creates asymmetric downside
- Historical precedent from 2012 anti-corruption campaign is relevant—Moutai is uniquely exposed to gifting culture crackdowns
- The technical "improvement" is weak—MACD cross with ATR at 27 and stop only 47 points away is poor risk/reward

**What concerns me about the plan:**
- The "sell 50-60%" recommendation for existing holders is hedged and imprecise
- The 1200-1250 entry target may be optimistic if growth compression accelerates
- No consideration of opportunity cost—what else earns returns while waiting?

## My Independent Analysis

**Business Quality vs. Price:** The 91% gross margins and fortress balance sheet are genuine competitive advantages. However, these are *known* qualities fully priced in. The market is not ignoring Moutai's excellence—it's questioning whether that excellence can sustain 28x multiples as growth structurally decelerates.

**Governance Asymmetry:** CCDI investigations follow a pattern: announcement → opacity → resolution (often months later). During this window, institutional holders reduce exposure due to mandate constraints. This creates persistent selling pressure regardless of "business fundamentals."

**Demand Structure:** Moutai's consumption is ~50% gift/banquet driven. Anti-corruption enforcement is structural, not cyclical. The 2012-2014 precedent showed revenue can stagnate for 2+ years while the business "survives."

**Technical Reality Check:** Price at 1447, 50 SMA reclaimed—but volume? The plan doesn't mention volume confirmation on the rally. Without it, this is short-covering or rotation, not institutional accumulation.

## Decision Framework

| Factor | Assessment | Weight |
|--------|-----------|--------|
| Valuation | Rich for decelerating growth | High |
| Governance | Active overhang with undefined scope | High |
| Technical | Weak confirmation, tight stops | Medium |
| Macro | Energy shock/consumption policy risk | Medium |
| Business quality | Excellent but priced in | Low (for timing) |

## My Position

I agree with the plan's directional view but find its execution too tentative. The "sell 50-60% and wait" approach preserves psychological comfort over capital efficiency. 

If the thesis is correct—that 28x with 12% growth and governance overhang is unsustainable—then the position is a **sell**, not a partial trim. The 1200-1250 target assumes orderly multiple compression; breakdowns rarely provide clean entry points.

For holders: The risk of waiting for "clarity" is watching a 20% decline become 35% as growth estimates reset. The 2012-2014 drawdown was 50%+. "Quality" provided no downside protection.

For non-holders: There is no case for initiation here. The bull case requires assuming governance resolves favorably, growth stabilizes above 12%, and multiples expand—all simultaneously.

**Risk management:** The plan's 1390 stop is reasonable but likely too close. I'd use 1350 (below 2024 lows) or accept the position size reduction as the risk control.

## Conclusion

The asymmetry is clear: upside requires multiple positive assumptions to align; downside requires only that current concerns persist. This is not a "hold and hope" situation. The business will survive; this entry point may not.

FINAL TRANSACTION PROPOSAL: **SELL**
